# JRE version: Java(TM) SE Runtime Environment (17.0.12+8) (build 17.0.12+8-LTS-286)
# Java VM: Java HotSpot(TM) 64-Bit Server VM (17.0.12+8-LTS-286, mixed mode, sharing, tiered, compressed oops, compressed class ptrs, g1 gc, windows-amd64)
GC Precious Log:
 CPUs: 8 total, 8 available
 Memory: 7894M
 Large Page Support: Disabled
 NUMA Support: Disabled
 Compressed Oops: Enabled (32-bit)
 Heap Region Size: 1M
 Heap Min Capacity: 8M
 Heap Initial Capacity: 124M
 Heap Max Capacity: 2G
 Pre-touch: Disabled
 Parallel Workers: 8
 Concurrent Workers: 2
 Concurrent Refinement Workers: 8
 Periodic GC: Disabled
Heap:
 garbage-first heap   total 126976K, used 69391K [0x0000000080000000, 0x0000000100000000)
  region size 1024K, 1 young (1024K), 1 survivors (1024K)
 Metaspace       used 65313K, committed 65984K, reserved 491520K
  class space    used 8997K, committed 9280K, reserved 425984K
GC Heap History (20 events):
Event: 321.248 GC heap after
{Heap after GC invocations=28 (full 0):
 garbage-first heap   total 91136K, used 52778K [0x0000000080000000, 0x0000000100000000)
  region size 1024K, 1 young (1024K), 1 survivors (1024K)
 Metaspace       used 56772K, committed 57408K, reserved 491520K
  class space    used 7855K, committed 8192K, reserved 425984K
}
Event: 324.568 GC heap before
{Heap before GC invocations=28 (full 0):
 garbage-first heap   total 91136K, used 74282K [0x0000000080000000, 0x0000000100000000)
  region size 1024K, 22 young (22528K), 1 survivors (1024K)
 Metaspace       used 58216K, committed 58880K, reserved 491520K
  class space    used 8098K, committed 8384K, reserved 425984K
}
Event: 324.571 GC heap after
{Heap after GC invocations=29 (full 0):
 garbage-first heap   total 91136K, used 54379K [0x0000000080000000, 0x0000000100000000)
  region size 1024K, 2 young (2048K), 2 survivors (2048K)
 Metaspace       used 58216K, committed 58880K, reserved 491520K
  class space    used 8098K, committed 8384K, reserved 425984K
}
Event: 328.476 GC heap before
{Heap before GC invocations=30 (full 0):
 garbage-first heap   total 94208K, used 74859K [0x0000000080000000, 0x0000000100000000)
  region size 1024K, 22 young (22528K), 2 survivors (2048K)
 Metaspace       used 59032K, committed 59712K, reserved 491520K
  class space    used 8181K, committed 8512K, reserved 425984K
}
Event: 328.487 GC heap after
{Heap after GC invocations=31 (full 0):
 garbage-first heap   total 94208K, used 56775K [0x0000000080000000, 0x0000000100000000)
  region size 1024K, 3 young (3072K), 3 survivors (3072K)
 Metaspace       used 59032K, committed 59712K, reserved 491520K
  class space    used 8181K, committed 8512K, reserved 425984K
}
Event: 328.519 GC heap before
{Heap before GC invocations=31 (full 0):
 garbage-first heap   total 94208K, used 57799K [0x0000000080000000, 0x0000000100000000)
  region size 1024K, 4 young (4096K), 3 survivors (3072K)
 Metaspace       used 59045K, committed 59712K, reserved 491520K
  class space    used 8181K, committed 8512K, reserved 425984K
}
Event: 328.530 GC heap after
{Heap after GC invocations=32 (full 0):
 garbage-first heap   total 94208K, used 56632K [0x0000000080000000, 0x0000000100000000)
  region size 1024K, 1 young (1024K), 1 survivors (1024K)
 Metaspace       used 59045K, committed 59712K, reserved 491520K
  class space    used 8181K, committed 8512K, reserved 425984K
}
Event: 331.963 GC heap before
{Heap before GC invocations=32 (full 0):
 garbage-first heap   total 94208K, used 76088K [0x0000000080000000, 0x0000000100000000)
  region size 1024K, 21 young (21504K), 1 survivors (1024K)
 Metaspace       used 60812K, committed 61504K, reserved 491520K
  class space    used 8465K, committed 8768K, reserved 425984K
}
Event: 331.979 GC heap after
{Heap after GC invocations=33 (full 0):
 garbage-first heap   total 94208K, used 58388K [0x0000000080000000, 0x0000000100000000)
  region size 1024K, 3 young (3072K), 3 survivors (3072K)
 Metaspace       used 60812K, committed 61504K, reserved 491520K
  class space    used 8465K, committed 8768K, reserved 425984K
}
Event: 338.884 GC heap before
{Heap before GC invocations=33 (full 0):
 garbage-first heap   total 94208K, used 76820K [0x0000000080000000, 0x0000000100000000)
  region size 1024K, 21 young (21504K), 3 survivors (3072K)
 Metaspace       used 62507K, committed 63168K, reserved 491520K
  class space    used 8673K, committed 8960K, reserved 425984K
}
Event: 338.891 GC heap after
{Heap after GC invocations=34 (full 0):
 garbage-first heap   total 94208K, used 60026K [0x0000000080000000, 0x0000000100000000)
  region size 1024K, 2 young (2048K), 2 survivors (2048K)
 Metaspace       used 62507K, committed 63168K, reserved 491520K
  class space    used 8673K, committed 8960K, reserved 425984K
}
Event: 343.366 GC heap before
{Heap before GC invocations=34 (full 0):
 garbage-first heap   total 94208K, used 76410K [0x0000000080000000, 0x0000000100000000)
  region size 1024K, 19 young (19456K), 2 survivors (2048K)
 Metaspace       used 62718K, committed 63360K, reserved 491520K
  class space    used 8688K, committed 8960K, reserved 425984K
}
Event: 343.375 GC heap after
{Heap after GC invocations=35 (full 0):
 garbage-first heap   total 94208K, used 62754K [0x0000000080000000, 0x0000000100000000)
  region size 1024K, 3 young (3072K), 3 survivors (3072K)
 Metaspace       used 62718K, committed 63360K, reserved 491520K
  class space    used 8688K, committed 8960K, reserved 425984K
}
Event: 378.204 GC heap before
{Heap before GC invocations=35 (full 0):
 garbage-first heap   total 94208K, used 79138K [0x0000000080000000, 0x0000000100000000)
  region size 1024K, 17 young (17408K), 3 survivors (3072K)
 Metaspace       used 62865K, committed 63552K, reserved 491520K
  class space    used 8709K, committed 9024K, reserved 425984K
}
Event: 379.001 GC heap after
{Heap after GC invocations=36 (full 0):
 garbage-first heap   total 94208K, used 67956K [0x0000000080000000, 0x0000000100000000)
  region size 1024K, 3 young (3072K), 3 survivors (3072K)
 Metaspace       used 62865K, committed 63552K, reserved 491520K
  class space    used 8709K, committed 9024K, reserved 425984K
}
Event: 405.108 GC heap before
{Heap before GC invocations=36 (full 0):
 garbage-first heap   total 94208K, used 75124K [0x0000000080000000, 0x0000000100000000)
  region size 1024K, 11 young (11264K), 3 survivors (3072K)
 Metaspace       used 63491K, committed 64192K, reserved 491520K
  class space    used 8788K, committed 9088K, reserved 425984K
}
Event: 405.472 GC heap after
{Heap after GC invocations=37 (full 0):
 garbage-first heap   total 94208K, used 68741K [0x0000000080000000, 0x0000000100000000)
  region size 1024K, 1 young (1024K), 1 survivors (1024K)
 Metaspace       used 63491K, committed 64192K, reserved 491520K
  class space    used 8788K, committed 9088K, reserved 425984K
}
Event: 415.960 GC heap before
{Heap before GC invocations=37 (full 0):
 garbage-first heap   total 94208K, used 75909K [0x0000000080000000, 0x0000000100000000)
  region size 1024K, 9 young (9216K), 1 survivors (1024K)
 Metaspace       used 64496K, committed 65152K, reserved 491520K
  class space    used 8919K, committed 9216K, reserved 425984K
}
Event: 416.169 GC heap after
{Heap after GC invocations=38 (full 0):
 garbage-first heap   total 94208K, used 68883K [0x0000000080000000, 0x0000000100000000)
  region size 1024K, 1 young (1024K), 1 survivors (1024K)
 Metaspace       used 64496K, committed 65152K, reserved 491520K
  class space    used 8919K, committed 9216K, reserved 425984K
}
Event: 421.406 GC heap before
{Heap before GC invocations=38 (full 0):
 garbage-first heap   total 94208K, used 75027K [0x0000000080000000, 0x0000000100000000)
  region size 1024K, 7 young (7168K), 1 survivors (1024K)
 Metaspace       used 65313K, committed 65984K, reserved 491520K
  class space    used 8997K, committed 9280K, reserved 425984K
}

