# JRE version: Java(TM) SE Runtime Environment (17.0.12+8) (build 17.0.12+8-LTS-286)
# Java VM: Java HotSpot(TM) 64-Bit Server VM (17.0.12+8-LTS-286, mixed mode, sharing, tiered, compressed oops, compressed class ptrs, g1 gc, windows-amd64)
GC Precious Log:
 CPUs: 8 total, 8 available
 Memory: 7894M
 Large Page Support: Disabled
 NUMA Support: Disabled
 Compressed Oops: Enabled (32-bit)
 Heap Region Size: 1M
 Heap Min Capacity: 8M
 Heap Initial Capacity: 124M
 Heap Max Capacity: 2G
 Pre-touch: Disabled
 Parallel Workers: 8
 Concurrent Workers: 2
 Concurrent Refinement Workers: 8
 Periodic GC: Disabled
Heap:
 garbage-first heap   total 86016K, used 68616K [0x0000000080000000, 0x0000000100000000)
  region size 1024K, 30 young (30720K), 3 survivors (3072K)
 Metaspace       used 46510K, committed 47040K, reserved 491520K
  class space    used 6429K, committed 6656K, reserved 425984K
GC Heap History (20 events):
Event: 15.185 GC heap before
{Heap before GC invocations=1 (full 0):
 garbage-first heap   total 126976K, used 38736K [0x0000000080000000, 0x0000000100000000)
  region size 1024K, 30 young (30720K), 3 survivors (3072K)
 Metaspace       used 3933K, committed 4096K, reserved 491520K
  class space    used 474K, committed 576K, reserved 425984K
}
Event: 15.193 GC heap after
{Heap after GC invocations=2 (full 0):
 garbage-first heap   total 126976K, used 13177K [0x0000000080000000, 0x0000000100000000)
  region size 1024K, 3 young (3072K), 3 survivors (3072K)
 Metaspace       used 3933K, committed 4096K, reserved 491520K
  class space    used 474K, committed 576K, reserved 425984K
}
Event: 53.084 GC heap before
{Heap before GC invocations=2 (full 0):
 garbage-first heap   total 126976K, used 85881K [0x0000000080000000, 0x0000000100000000)
  region size 1024K, 74 young (75776K), 3 survivors (3072K)
 Metaspace       used 16841K, committed 17152K, reserved 491520K
  class space    used 2427K, committed 2560K, reserved 425984K
}
Event: 53.116 GC heap after
{Heap after GC invocations=3 (full 0):
 garbage-first heap   total 126976K, used 20480K [0x0000000080000000, 0x0000000100000000)
  region size 1024K, 10 young (10240K), 10 survivors (10240K)
 Metaspace       used 16841K, committed 17152K, reserved 491520K
  class space    used 2427K, committed 2560K, reserved 425984K
}
Event: 63.224 GC heap before
{Heap before GC invocations=3 (full 0):
 garbage-first heap   total 126976K, used 51200K [0x0000000080000000, 0x0000000100000000)
  region size 1024K, 41 young (41984K), 10 survivors (10240K)
 Metaspace       used 21195K, committed 21504K, reserved 491520K
  class space    used 3119K, committed 3264K, reserved 425984K
}
Event: 63.253 GC heap after
{Heap after GC invocations=4 (full 0):
 garbage-first heap   total 126976K, used 22532K [0x0000000080000000, 0x0000000100000000)
  region size 1024K, 3 young (3072K), 3 survivors (3072K)
 Metaspace       used 21195K, committed 21504K, reserved 491520K
  class space    used 3119K, committed 3264K, reserved 425984K
}
Event: 69.248 GC heap before
{Heap before GC invocations=5 (full 0):
 garbage-first heap   total 86016K, used 69636K [0x0000000080000000, 0x0000000100000000)
  region size 1024K, 50 young (51200K), 3 survivors (3072K)
 Metaspace       used 28897K, committed 29184K, reserved 491520K
  class space    used 4037K, committed 4160K, reserved 425984K
}
Event: 69.256 GC heap after
{Heap after GC invocations=6 (full 0):
 garbage-first heap   total 86016K, used 27273K [0x0000000080000000, 0x0000000100000000)
  region size 1024K, 7 young (7168K), 7 survivors (7168K)
 Metaspace       used 28897K, committed 29184K, reserved 491520K
  class space    used 4037K, committed 4160K, reserved 425984K
}
Event: 144.849 GC heap before
{Heap before GC invocations=6 (full 0):
 garbage-first heap   total 86016K, used 65161K [0x0000000080000000, 0x0000000100000000)
  region size 1024K, 41 young (41984K), 7 survivors (7168K)
 Metaspace       used 31808K, committed 32256K, reserved 491520K
  class space    used 4350K, committed 4544K, reserved 425984K
}
Event: 144.930 GC heap after
{Heap after GC invocations=7 (full 0):
 garbage-first heap   total 86016K, used 28151K [0x0000000080000000, 0x0000000100000000)
  region size 1024K, 3 young (3072K), 3 survivors (3072K)
 Metaspace       used 31808K, committed 32256K, reserved 491520K
  class space    used 4350K, committed 4544K, reserved 425984K
}
Event: 164.336 GC heap before
{Heap before GC invocations=7 (full 0):
 garbage-first heap   total 86016K, used 62967K [0x0000000080000000, 0x0000000100000000)
  region size 1024K, 37 young (37888K), 3 survivors (3072K)
 Metaspace       used 33596K, committed 34048K, reserved 491520K
  class space    used 4608K, committed 4800K, reserved 425984K
}
Event: 164.346 GC heap after
{Heap after GC invocations=8 (full 0):
 garbage-first heap   total 86016K, used 30462K [0x0000000080000000, 0x0000000100000000)
  region size 1024K, 5 young (5120K), 5 survivors (5120K)
 Metaspace       used 33596K, committed 34048K, reserved 491520K
  class space    used 4608K, committed 4800K, reserved 425984K
}
Event: 177.712 GC heap before
{Heap before GC invocations=8 (full 0):
 garbage-first heap   total 86016K, used 58110K [0x0000000080000000, 0x0000000100000000)
  region size 1024K, 32 young (32768K), 5 survivors (5120K)
 Metaspace       used 35626K, committed 36096K, reserved 491520K
  class space    used 4819K, committed 5056K, reserved 425984K
}
Event: 177.727 GC heap after
{Heap after GC invocations=9 (full 0):
 garbage-first heap   total 86016K, used 31245K [0x0000000080000000, 0x0000000100000000)
  region size 1024K, 4 young (4096K), 4 survivors (4096K)
 Metaspace       used 35626K, committed 36096K, reserved 491520K
  class space    used 4819K, committed 5056K, reserved 425984K
}
Event: 227.731 GC heap before
{Heap before GC invocations=10 (full 0):
 garbage-first heap   total 86016K, used 65037K [0x0000000080000000, 0x0000000100000000)
  region size 1024K, 38 young (38912K), 4 survivors (4096K)
 Metaspace       used 38502K, committed 38976K, reserved 491520K
  class space    used 5298K, committed 5504K, reserved 425984K
}
Event: 227.794 GC heap after
{Heap after GC invocations=11 (full 0):
 garbage-first heap   total 86016K, used 33251K [0x0000000080000000, 0x0000000100000000)
  region size 1024K, 3 young (3072K), 3 survivors (3072K)
 Metaspace       used 38502K, committed 38976K, reserved 491520K
  class space    used 5298K, committed 5504K, reserved 425984K
}
Event: 307.129 GC heap before
{Heap before GC invocations=11 (full 0):
 garbage-first heap   total 86016K, used 67043K [0x0000000080000000, 0x0000000100000000)
  region size 1024K, 36 young (36864K), 3 survivors (3072K)
 Metaspace       used 41470K, committed 41984K, reserved 491520K
  class space    used 5714K, committed 5952K, reserved 425984K
}
Event: 307.211 GC heap after
{Heap after GC invocations=12 (full 0):
 garbage-first heap   total 86016K, used 33936K [0x0000000080000000, 0x0000000100000000)
  region size 1024K, 4 young (4096K), 4 survivors (4096K)
 Metaspace       used 41470K, committed 41984K, reserved 491520K
  class space    used 5714K, committed 5952K, reserved 425984K
}
Event: 411.777 GC heap before
{Heap before GC invocations=12 (full 0):
 garbage-first heap   total 86016K, used 73872K [0x0000000080000000, 0x0000000100000000)
  region size 1024K, 38 young (38912K), 4 survivors (4096K)
 Metaspace       used 42742K, committed 43264K, reserved 491520K
  class space    used 5914K, committed 6144K, reserved 425984K
}
Event: 412.081 GC heap after
{Heap after GC invocations=13 (full 0):
 garbage-first heap   total 86016K, used 41992K [0x0000000080000000, 0x0000000100000000)
  region size 1024K, 3 young (3072K), 3 survivors (3072K)
 Metaspace       used 42742K, committed 43264K, reserved 491520K
  class space    used 5914K, committed 6144K, reserved 425984K
}

