# JRE version: Java(TM) SE Runtime Environment (17.0.12+8) (build 17.0.12+8-LTS-286)
# Java VM: Java HotSpot(TM) 64-Bit Server VM (17.0.12+8-LTS-286, mixed mode, sharing, tiered, compressed oops, compressed class ptrs, g1 gc, windows-amd64)
GC Precious Log:
 CPUs: 8 total, 8 available
 Memory: 7894M
 Large Page Support: Disabled
 NUMA Support: Disabled
 Compressed Oops: Enabled (32-bit)
 Heap Region Size: 1M
 Heap Min Capacity: 8M
 Heap Initial Capacity: 124M
 Heap Max Capacity: 2G
 Pre-touch: Disabled
 Parallel Workers: 8
 Concurrent Workers: 2
 Concurrent Refinement Workers: 8
 Periodic GC: Disabled
Heap:
 garbage-first heap   total 86016K, used 49246K [0x0000000080000000, 0x0000000100000000)
  region size 1024K, 30 young (30720K), 3 survivors (3072K)
 Metaspace       used 25938K, committed 26240K, reserved 491520K
  class space    used 3700K, committed 3840K, reserved 425984K
GC Heap History (8 events):
Event: 10.991 GC heap before
{Heap before GC invocations=0 (full 0):
 garbage-first heap   total 126976K, used 26624K [0x0000000080000000, 0x0000000100000000)
  region size 1024K, 23 young (23552K), 0 survivors (0K)
 Metaspace       used 3019K, committed 3200K, reserved 491520K
  class space    used 380K, committed 448K, reserved 425984K
}
Event: 11.112 GC heap after
{Heap after GC invocations=1 (full 0):
 garbage-first heap   total 126976K, used 10072K [0x0000000080000000, 0x0000000100000000)
  region size 1024K, 3 young (3072K), 3 survivors (3072K)
 Metaspace       used 3019K, committed 3200K, reserved 491520K
  class space    used 380K, committed 448K, reserved 425984K
}
Event: 20.429 GC heap before
{Heap before GC invocations=1 (full 0):
 garbage-first heap   total 126976K, used 38744K [0x0000000080000000, 0x0000000100000000)
  region size 1024K, 30 young (30720K), 3 survivors (3072K)
 Metaspace       used 3942K, committed 4096K, reserved 491520K
  class space    used 475K, committed 576K, reserved 425984K
}
Event: 20.436 GC heap after
{Heap after GC invocations=2 (full 0):
 garbage-first heap   total 126976K, used 12969K [0x0000000080000000, 0x0000000100000000)
  region size 1024K, 3 young (3072K), 3 survivors (3072K)
 Metaspace       used 3942K, committed 4096K, reserved 491520K
  class space    used 475K, committed 576K, reserved 425984K
}
Event: 42.389 GC heap before
{Heap before GC invocations=2 (full 0):
 garbage-first heap   total 126976K, used 85673K [0x0000000080000000, 0x0000000100000000)
  region size 1024K, 74 young (75776K), 3 survivors (3072K)
 Metaspace       used 16698K, committed 17024K, reserved 491520K
  class space    used 2409K, committed 2560K, reserved 425984K
}
Event: 42.402 GC heap after
{Heap after GC invocations=3 (full 0):
 garbage-first heap   total 126976K, used 20683K [0x0000000080000000, 0x0000000100000000)
  region size 1024K, 10 young (10240K), 10 survivors (10240K)
 Metaspace       used 16698K, committed 17024K, reserved 491520K
  class space    used 2409K, committed 2560K, reserved 425984K
}
Event: 47.481 GC heap before
{Heap before GC invocations=3 (full 0):
 garbage-first heap   total 126976K, used 52427K [0x0000000080000000, 0x0000000100000000)
  region size 1024K, 42 young (43008K), 10 survivors (10240K)
 Metaspace       used 21256K, committed 21504K, reserved 491520K
  class space    used 3131K, committed 3264K, reserved 425984K
}
Event: 47.518 GC heap after
{Heap after GC invocations=4 (full 0):
 garbage-first heap   total 126976K, used 22622K [0x0000000080000000, 0x0000000100000000)
  region size 1024K, 3 young (3072K), 3 survivors (3072K)
 Metaspace       used 21256K, committed 21504K, reserved 491520K
  class space    used 3131K, committed 3264K, reserved 425984K
}

