# JRE version: Java(TM) SE Runtime Environment (17.0.12+8) (build 17.0.12+8-LTS-286)
# Java VM: Java HotSpot(TM) 64-Bit Server VM (17.0.12+8-LTS-286, mixed mode, sharing, tiered, compressed oops, compressed class ptrs, g1 gc, windows-amd64)
GC Precious Log:
 CPUs: 8 total, 8 available
 Memory: 7894M
 Large Page Support: Disabled
 NUMA Support: Disabled
 Compressed Oops: Enabled (32-bit)
 Heap Region Size: 1M
 Heap Min Capacity: 8M
 Heap Initial Capacity: 124M
 Heap Max Capacity: 2G
 Pre-touch: Disabled
 Parallel Workers: 8
 Concurrent Workers: 2
 Concurrent Refinement Workers: 8
 Periodic GC: Disabled
Heap:
 garbage-first heap   total 92160K, used 59778K [0x0000000080000000, 0x0000000100000000)
  region size 1024K, 37 young (37888K), 7 survivors (7168K)
 Metaspace       used 31829K, committed 32256K, reserved 491520K
  class space    used 4358K, committed 4544K, reserved 425984K
GC Heap History (10 events):
Event: 10.397 GC heap before
{Heap before GC invocations=0 (full 0):
 garbage-first heap   total 126976K, used 26624K [0x0000000080000000, 0x0000000100000000)
  region size 1024K, 23 young (23552K), 0 survivors (0K)
 Metaspace       used 3014K, committed 3200K, reserved 491520K
  class space    used 379K, committed 448K, reserved 425984K
}
Event: 10.579 GC heap after
{Heap after GC invocations=1 (full 0):
 garbage-first heap   total 126976K, used 10048K [0x0000000080000000, 0x0000000100000000)
  region size 1024K, 3 young (3072K), 3 survivors (3072K)
 Metaspace       used 3014K, committed 3200K, reserved 491520K
  class space    used 379K, committed 448K, reserved 425984K
}
Event: 18.163 GC heap before
{Heap before GC invocations=1 (full 0):
 garbage-first heap   total 126976K, used 38720K [0x0000000080000000, 0x0000000100000000)
  region size 1024K, 30 young (30720K), 3 survivors (3072K)
 Metaspace       used 3957K, committed 4096K, reserved 491520K
  class space    used 475K, committed 576K, reserved 425984K
}
Event: 18.172 GC heap after
{Heap after GC invocations=2 (full 0):
 garbage-first heap   total 126976K, used 13447K [0x0000000080000000, 0x0000000100000000)
  region size 1024K, 4 young (4096K), 4 survivors (4096K)
 Metaspace       used 3957K, committed 4096K, reserved 491520K
  class space    used 475K, committed 576K, reserved 425984K
}
Event: 28.483 GC heap before
{Heap before GC invocations=2 (full 0):
 garbage-first heap   total 126976K, used 85127K [0x0000000080000000, 0x0000000100000000)
  region size 1024K, 74 young (75776K), 4 survivors (4096K)
 Metaspace       used 16699K, committed 17024K, reserved 491520K
  class space    used 2411K, committed 2560K, reserved 425984K
}
Event: 28.568 GC heap after
{Heap after GC invocations=3 (full 0):
 garbage-first heap   total 126976K, used 20356K [0x0000000080000000, 0x0000000100000000)
  region size 1024K, 10 young (10240K), 10 survivors (10240K)
 Metaspace       used 16699K, committed 17024K, reserved 491520K
  class space    used 2411K, committed 2560K, reserved 425984K
}
Event: 32.037 GC heap before
{Heap before GC invocations=3 (full 0):
 garbage-first heap   total 126976K, used 52100K [0x0000000080000000, 0x0000000100000000)
  region size 1024K, 42 young (43008K), 10 survivors (10240K)
 Metaspace       used 21230K, committed 21504K, reserved 491520K
  class space    used 3123K, committed 3264K, reserved 425984K
}
Event: 32.049 GC heap after
{Heap after GC invocations=4 (full 0):
 garbage-first heap   total 126976K, used 22524K [0x0000000080000000, 0x0000000100000000)
  region size 1024K, 3 young (3072K), 3 survivors (3072K)
 Metaspace       used 21230K, committed 21504K, reserved 491520K
  class space    used 3123K, committed 3264K, reserved 425984K
}
Event: 37.881 GC heap before
{Heap before GC invocations=5 (full 0):
 garbage-first heap   total 92160K, used 73724K [0x0000000080000000, 0x0000000100000000)
  region size 1024K, 54 young (55296K), 3 survivors (3072K)
 Metaspace       used 28991K, committed 29312K, reserved 491520K
  class space    used 4043K, committed 4160K, reserved 425984K
}
Event: 37.888 GC heap after
{Heap after GC invocations=6 (full 0):
 garbage-first heap   total 92160K, used 27010K [0x0000000080000000, 0x0000000100000000)
  region size 1024K, 7 young (7168K), 7 survivors (7168K)
 Metaspace       used 28991K, committed 29312K, reserved 491520K
  class space    used 4043K, committed 4160K, reserved 425984K
}

