# JRE version: Java(TM) SE Runtime Environment (17.0.12+8) (build 17.0.12+8-LTS-286)
# Java VM: Java HotSpot(TM) 64-Bit Server VM (17.0.12+8-LTS-286, mixed mode, sharing, tiered, compressed oops, compressed class ptrs, g1 gc, windows-amd64)
GC Precious Log:
 CPUs: 8 total, 8 available
 Memory: 7894M
 Large Page Support: Disabled
 NUMA Support: Disabled
 Compressed Oops: Enabled (32-bit)
 Heap Region Size: 1M
 Heap Min Capacity: 8M
 Heap Initial Capacity: 124M
 Heap Max Capacity: 2G
 Pre-touch: Disabled
 Parallel Workers: 8
 Concurrent Workers: 2
 Concurrent Refinement Workers: 8
 Periodic GC: Disabled
Heap:
 garbage-first heap   total 81920K, used 57327K [0x0000000080000000, 0x0000000100000000)
  region size 1024K, 38 young (38912K), 3 survivors (3072K)
 Metaspace       used 28679K, committed 29056K, reserved 491520K
  class space    used 4017K, committed 4160K, reserved 425984K
GC Heap History (8 events):
Event: 11.655 GC heap before
{Heap before GC invocations=0 (full 0):
 garbage-first heap   total 126976K, used 26624K [0x0000000080000000, 0x0000000100000000)
  region size 1024K, 23 young (23552K), 0 survivors (0K)
 Metaspace       used 3034K, committed 3200K, reserved 491520K
  class space    used 379K, committed 448K, reserved 425984K
}
Event: 11.831 GC heap after
{Heap after GC invocations=1 (full 0):
 garbage-first heap   total 126976K, used 10048K [0x0000000080000000, 0x0000000100000000)
  region size 1024K, 3 young (3072K), 3 survivors (3072K)
 Metaspace       used 3034K, committed 3200K, reserved 491520K
  class space    used 379K, committed 448K, reserved 425984K
}
Event: 20.414 GC heap before
{Heap before GC invocations=1 (full 0):
 garbage-first heap   total 126976K, used 38720K [0x0000000080000000, 0x0000000100000000)
  region size 1024K, 30 young (30720K), 3 survivors (3072K)
 Metaspace       used 3941K, committed 4096K, reserved 491520K
  class space    used 474K, committed 576K, reserved 425984K
}
Event: 20.423 GC heap after
{Heap after GC invocations=2 (full 0):
 garbage-first heap   total 126976K, used 13447K [0x0000000080000000, 0x0000000100000000)
  region size 1024K, 4 young (4096K), 4 survivors (4096K)
 Metaspace       used 3941K, committed 4096K, reserved 491520K
  class space    used 474K, committed 576K, reserved 425984K
}
Event: 36.332 GC heap before
{Heap before GC invocations=2 (full 0):
 garbage-first heap   total 126976K, used 85127K [0x0000000080000000, 0x0000000100000000)
  region size 1024K, 74 young (75776K), 4 survivors (4096K)
 Metaspace       used 16604K, committed 16896K, reserved 491520K
  class space    used 2394K, committed 2560K, reserved 425984K
}
Event: 36.468 GC heap after
{Heap after GC invocations=3 (full 0):
 garbage-first heap   total 126976K, used 20266K [0x0000000080000000, 0x0000000100000000)
  region size 1024K, 10 young (10240K), 10 survivors (10240K)
 Metaspace       used 16604K, committed 16896K, reserved 491520K
  class space    used 2394K, committed 2560K, reserved 425984K
}
Event: 39.275 GC heap before
{Heap before GC invocations=3 (full 0):
 garbage-first heap   total 126976K, used 52010K [0x0000000080000000, 0x0000000100000000)
  region size 1024K, 42 young (43008K), 10 survivors (10240K)
 Metaspace       used 21202K, committed 21504K, reserved 491520K
  class space    used 3125K, committed 3264K, reserved 425984K
}
Event: 39.291 GC heap after
{Heap after GC invocations=4 (full 0):
 garbage-first heap   total 126976K, used 22511K [0x0000000080000000, 0x0000000100000000)
  region size 1024K, 3 young (3072K), 3 survivors (3072K)
 Metaspace       used 21202K, committed 21504K, reserved 491520K
  class space    used 3125K, committed 3264K, reserved 425984K
}

